<?xml version="1.0" encoding="UTF-8"?>
<!-- Generated by org.testng.reporters.JUnitReportReporter -->
<testsuite skipped="0" hostname="LAPTOP-09BGILIP" name="uk.co.library.testsuite.JobSearchTest" tests="3" failures="0" timestamp="2022-05-10T12:39:22 BST" time="87.986" errors="0">
  <testcase name="verifyJobSearchResultUsingDifferentDataSet" time="30.201" classname="uk.co.library.testsuite.JobSearchTest"/>
  <system-out/>
  <testcase name="verifyJobSearchResultUsingDifferentDataSet" time="28.266" classname="uk.co.library.testsuite.JobSearchTest"/>
  <system-out/>
  <testcase name="verifyJobSearchResultUsingDifferentDataSet" time="29.519" classname="uk.co.library.testsuite.JobSearchTest"/>
  <system-out/>
</testsuite> <!-- uk.co.library.testsuite.JobSearchTest -->
